#
# A fatal error has been detected by the Java Runtime Environment:
#
#  Internal Error (./open/src/hotspot/share/utilities/constantTag.cpp:65), pid=29200, tid=32172
#  Error: ShouldNotReachHere()
#
# JRE version: Java(TM) SE Runtime Environment 18.9 (11.0.22+9) (build 11.0.22+9-LTS-219)
# Java VM: Java HotSpot(TM) 64-Bit Server VM 18.9 (11.0.22+9-LTS-219, mixed mode, tiered, compressed oops, g1 gc, windows-amd64)
# No core dump will be written. Minidumps are not enabled by default on client versions of Windows
#
# If you would like to submit a bug report, please visit:
#   https://bugreport.java.com/bugreport/crash.jsp
#

---------------  S U M M A R Y ------------

Command Line: -agentlib:jdwp=transport=dt_socket,suspend=y,address=localhost:64372 -ea -javaagent:C:\eclipse-jee-2024-03-R-win32-x86_64\eclipse\configuration\org.eclipse.osgi\442\0\.cp\lib\javaagent-shaded.jar -Dfile.encoding=UTF-8 -Dstdout.encoding=UTF-8 -Dstderr.encoding=UTF-8 org.eclipse.jdt.internal.junit.runner.RemoteTestRunner -version 3 -port 64371 -testLoaderClass org.eclipse.jdt.internal.junit4.runner.JUnit4TestLoader -loaderpluginname org.eclipse.jdt.junit4.runtime -classNames org.test.runner.TestRunner

Host: 11th Gen Intel(R) Core(TM) i5-1135G7 @ 2.40GHz, 8 cores, 7G,  Windows 11 , 64 bit Build 22621 (10.0.22621.3527)
Time: Wed May 29 11:56:28 2024 India Standard Time elapsed time: 310.652233 seconds (0d 0h 5m 10s)

---------------  T H R E A D  ---------------

Current thread (0x0000017069b5f800):  JavaThread "main" [_thread_in_vm, id=32172, stack(0x0000006916400000,0x0000006916500000)]

Stack: [0x0000006916400000,0x0000006916500000]
Native frames: (J=compiled Java code, j=interpreted, Vv=VM code, C=native code)
V  [jvm.dll+0x66055a]
V  [jvm.dll+0x7a367f]
V  [jvm.dll+0x7a4d49]
V  [jvm.dll+0x7a5397]
V  [jvm.dll+0x25858c]
V  [jvm.dll+0x2584d3]
V  [jvm.dll+0x254a0f]
V  [jvm.dll+0x24f2ac]
V  [jvm.dll+0x3868bc]
C  0x000001700001972a

Java frames: (J=compiled Java code, j=interpreted, Vv=VM code)
j  org.test.glue.definition.PnrGenerationDefinition.reveiw_booking()V+28
v  ~StubRoutines::call_stub
j  jdk.internal.reflect.NativeMethodAccessorImpl.invoke0(Ljava/lang/reflect/Method;Ljava/lang/Object;[Ljava/lang/Object;)Ljava/lang/Object;+0 java.base@11.0.22
j  jdk.internal.reflect.NativeMethodAccessorImpl.invoke(Ljava/lang/Object;[Ljava/lang/Object;)Ljava/lang/Object;+100 java.base@11.0.22
j  jdk.internal.reflect.DelegatingMethodAccessorImpl.invoke(Ljava/lang/Object;[Ljava/lang/Object;)Ljava/lang/Object;+6 java.base@11.0.22
j  java.lang.reflect.Method.invoke(Ljava/lang/Object;[Ljava/lang/Object;)Ljava/lang/Object;+59 java.base@11.0.22
j  io.cucumber.java.Invoker.doInvoke(Lio/cucumber/core/backend/Located;Ljava/lang/Object;Ljava/lang/reflect/Method;[Ljava/lang/Object;)Ljava/lang/Object;+14
j  io.cucumber.java.Invoker.invoke(Lio/cucumber/core/backend/Located;Ljava/lang/Object;Ljava/lang/reflect/Method;[Ljava/lang/Object;)Ljava/lang/Object;+12
j  io.cucumber.java.AbstractGlueDefinition.invokeMethod([Ljava/lang/Object;)Ljava/lang/Object;+45
j  io.cucumber.java.JavaStepDefinition.execute([Ljava/lang/Object;)V+2
j  io.cucumber.core.runner.CoreStepDefinition.execute([Ljava/lang/Object;)V+5
j  io.cucumber.core.runner.PickleStepDefinitionMatch.runStep(Lio/cucumber/core/backend/TestCaseState;)V+173
j  io.cucumber.core.runner.ExecutionMode$1.execute(Lio/cucumber/core/runner/StepDefinitionMatch;Lio/cucumber/core/runner/TestCaseState;)Lio/cucumber/plugin/event/Status;+2
j  io.cucumber.core.runner.TestStep.executeStep(Lio/cucumber/core/runner/TestCaseState;Lio/cucumber/core/runner/ExecutionMode;)Lio/cucumber/plugin/event/Status;+14
j  io.cucumber.core.runner.TestStep.run(Lio/cucumber/plugin/event/TestCase;Lio/cucumber/core/eventbus/EventBus;Lio/cucumber/core/runner/TestCaseState;Lio/cucumber/core/runner/ExecutionMode;)Lio/cucumber/core/runner/ExecutionMode;+27
j  io.cucumber.core.runner.PickleStepTestStep.run(Lio/cucumber/plugin/event/TestCase;Lio/cucumber/core/eventbus/EventBus;Lio/cucumber/core/runner/TestCaseState;Lio/cucumber/core/runner/ExecutionMode;)Lio/cucumber/core/runner/ExecutionMode;+63
j  io.cucumber.core.runner.TestCase.run(Lio/cucumber/core/eventbus/EventBus;)V+140
j  io.cucumber.core.runner.Runner.runPickle(Lio/cucumber/core/gherkin/Pickle;)V+38
j  io.cucumber.junit.PickleRunners$NoStepDescriptions.lambda$run$0(Lorg/junit/runner/notification/RunNotifier;Lio/cucumber/core/runner/Runner;)V+27
j  io.cucumber.junit.PickleRunners$NoStepDescriptions$$Lambda$212.accept(Ljava/lang/Object;)V+12
j  io.cucumber.core.runtime.CucumberExecutionContext.lambda$runTestCase$5(Ljava/util/function/Consumer;Lio/cucumber/core/runner/Runner;)V+2
j  io.cucumber.core.runtime.CucumberExecutionContext$$Lambda$213.run()V+8
j  io.cucumber.core.runtime.RethrowingThrowableCollector.executeAndThrow(Ljava/lang/Runnable;)V+1
j  io.cucumber.core.runtime.CucumberExecutionContext.runTestCase(Ljava/util/function/Consumer;)V+16
j  io.cucumber.junit.PickleRunners$NoStepDescriptions.run(Lorg/junit/runner/notification/RunNotifier;)V+11
j  io.cucumber.junit.FeatureRunner.runChild(Lio/cucumber/junit/PickleRunners$PickleRunner;Lorg/junit/runner/notification/RunNotifier;)V+11
j  io.cucumber.junit.FeatureRunner.runChild(Ljava/lang/Object;Lorg/junit/runner/notification/RunNotifier;)V+6
j  org.junit.runners.ParentRunner$4.run()V+12
j  org.junit.runners.ParentRunner$1.schedule(Ljava/lang/Runnable;)V+1
j  org.junit.runners.ParentRunner.runChildren(Lorg/junit/runner/notification/RunNotifier;)V+44
j  org.junit.runners.ParentRunner.access$100(Lorg/junit/runners/ParentRunner;Lorg/junit/runner/notification/RunNotifier;)V+2
j  org.junit.runners.ParentRunner$2.evaluate()V+8
j  org.junit.runners.ParentRunner$3.evaluate()V+4
j  org.junit.runners.ParentRunner.run(Lorg/junit/runner/notification/RunNotifier;)V+24
j  io.cucumber.junit.FeatureRunner.run(Lorg/junit/runner/notification/RunNotifier;)V+13
j  io.cucumber.junit.Cucumber.runChild(Lorg/junit/runners/ParentRunner;Lorg/junit/runner/notification/RunNotifier;)V+2
j  io.cucumber.junit.Cucumber.runChild(Ljava/lang/Object;Lorg/junit/runner/notification/RunNotifier;)V+6
j  org.junit.runners.ParentRunner$4.run()V+12
j  org.junit.runners.ParentRunner$1.schedule(Ljava/lang/Runnable;)V+1
j  org.junit.runners.ParentRunner.runChildren(Lorg/junit/runner/notification/RunNotifier;)V+44
j  org.junit.runners.ParentRunner.access$100(Lorg/junit/runners/ParentRunner;Lorg/junit/runner/notification/RunNotifier;)V+2
j  org.junit.runners.ParentRunner$2.evaluate()V+8
j  io.cucumber.junit.Cucumber$StartAndFinishTestRun$$Lambda$180.run()V+4
j  io.cucumber.core.runtime.CucumberExecutionContext.lambda$runFeatures$6(Lio/cucumber/core/runtime/CucumberExecutionContext$ThrowingRunnable;)V+5
j  io.cucumber.core.runtime.CucumberExecutionContext$$Lambda$186.run()V+8
j  io.cucumber.core.runtime.CucumberExecutionContext.execute(Lio/cucumber/core/runtime/CucumberExecutionContext$ThrowingRunnable;)V+1
j  io.cucumber.core.runtime.CucumberExecutionContext.runFeatures(Lio/cucumber/core/runtime/CucumberExecutionContext$ThrowingRunnable;)V+12
j  io.cucumber.junit.Cucumber$StartAndFinishTestRun.evaluate()V+68
j  org.junit.runners.ParentRunner$3.evaluate()V+4
j  org.junit.runners.ParentRunner.run(Lorg/junit/runner/notification/RunNotifier;)V+24
j  org.eclipse.jdt.internal.junit4.runner.JUnit4TestReference.run(Lorg/eclipse/jdt/internal/junit/runner/TestExecution;)V+72
j  org.eclipse.jdt.internal.junit.runner.TestExecution.run([Lorg/eclipse/jdt/internal/junit/runner/ITestReference;)V+27
j  org.eclipse.jdt.internal.junit.runner.RemoteTestRunner.runTests([Ljava/lang/String;Ljava/lang/String;Lorg/eclipse/jdt/internal/junit/runner/TestExecution;)V+62
j  org.eclipse.jdt.internal.junit.runner.RemoteTestRunner.runTests(Lorg/eclipse/jdt/internal/junit/runner/TestExecution;)V+10
j  org.eclipse.jdt.internal.junit.runner.RemoteTestRunner.run()V+70
j  org.eclipse.jdt.internal.junit.runner.RemoteTestRunner.main([Ljava/lang/String;)V+14
v  ~StubRoutines::call_stub

---------------  P R O C E S S  ---------------

Threads class SMR info:
_java_thread_list=0x000001707af20670, length=20, elements={
0x0000017069b5f800, 0x00000170788c5000, 0x00000170788ce000, 0x00000170788d3800,
0x00000170788d6800, 0x00000170788d7800, 0x00000170788dd000, 0x0000017079134800,
0x000001707913f000, 0x000001707929f800, 0x0000017079401000, 0x00000170794bd000,
0x00000170794c9000, 0x0000017079d1a800, 0x000001707a689800, 0x000001707acd1800,
0x000001707b9e0000, 0x000001707bdb4000, 0x000001707aa4f000, 0x000001707bece800
}

Java Threads: ( => current thread )
=>0x0000017069b5f800 JavaThread "main" [_thread_in_vm, id=32172, stack(0x0000006916400000,0x0000006916500000)]
  0x00000170788c5000 JavaThread "Reference Handler" daemon [_thread_blocked, id=26480, stack(0x0000006916b00000,0x0000006916c00000)]
  0x00000170788ce000 JavaThread "Finalizer" daemon [_thread_blocked, id=20780, stack(0x0000006916c00000,0x0000006916d00000)]
  0x00000170788d3800 JavaThread "Signal Dispatcher" daemon [_thread_blocked, id=19136, stack(0x0000006916d00000,0x0000006916e00000)]
  0x00000170788d6800 JavaThread "Attach Listener" daemon [_thread_blocked, id=17648, stack(0x0000006916e00000,0x0000006916f00000)]
  0x00000170788d7800 JavaThread "Service Thread" daemon [_thread_blocked, id=8172, stack(0x0000006916f00000,0x0000006917000000)]
  0x00000170788dd000 JavaThread "C2 CompilerThread0" daemon [_thread_blocked, id=29880, stack(0x0000006917000000,0x0000006917100000)]
  0x0000017079134800 JavaThread "C1 CompilerThread0" daemon [_thread_blocked, id=33640, stack(0x0000006917100000,0x0000006917200000)]
  0x000001707913f000 JavaThread "Sweeper thread" daemon [_thread_blocked, id=4844, stack(0x0000006917200000,0x0000006917300000)]
  0x000001707929f800 JavaThread "Common-Cleaner" daemon [_thread_blocked, id=23804, stack(0x0000006917300000,0x0000006917400000)]
  0x0000017079401000 JavaThread "JDWP Transport Listener: dt_socket" daemon [_thread_blocked, id=25764, stack(0x0000006917500000,0x0000006917600000)]
  0x00000170794bd000 JavaThread "JDWP Event Helper Thread" daemon [_thread_blocked, id=25448, stack(0x0000006917600000,0x0000006917700000)]
  0x00000170794c9000 JavaThread "JDWP Command Reader" daemon [_thread_in_native, id=13212, stack(0x0000006917700000,0x0000006917800000)]
  0x0000017079d1a800 JavaThread "ReaderThread" [_thread_in_native, id=28340, stack(0x0000006917900000,0x0000006917a00000)]
  0x000001707a689800 JavaThread "ForkJoinPool.commonPool-worker-3" daemon [_thread_blocked, id=33960, stack(0x0000006917c00000,0x0000006917d00000)]
  0x000001707acd1800 JavaThread "HttpClient-1-SelectorManager" daemon [_thread_in_native, id=34756, stack(0x0000006917f00000,0x0000006918000000)]
  0x000001707b9e0000 JavaThread "External Process Output Forwarder - C:\Users\deven\.cache\selenium\chromedriver\win64\125.0.6422.78\chromedriver.exe" daemon [_thread_in_native, id=33204, stack(0x0000006918000000,0x0000006918100000)]
  0x000001707bdb4000 JavaThread "Driver Service Executor" daemon [_thread_blocked, id=22176, stack(0x0000006918100000,0x0000006918200000)]
  0x000001707aa4f000 JavaThread "Driver Service Executor" daemon [_thread_blocked, id=23516, stack(0x0000006918200000,0x0000006918300000)]
  0x000001707bece800 JavaThread "HttpClient-2-SelectorManager" daemon [_thread_in_native, id=32296, stack(0x0000006918700000,0x0000006918800000)]

Other Threads:
  0x000001707889f000 VMThread "VM Thread" [stack: 0x0000006916a00000,0x0000006916b00000] [id=31724]
  0x0000017079ce9000 WatcherThread [stack: 0x0000006917800000,0x0000006917900000] [id=29340]
  0x0000017069b75000 GCTaskThread "GC Thread#0" [stack: 0x0000006916500000,0x0000006916600000] [id=11232]
  0x0000017079469000 GCTaskThread "GC Thread#1" [stack: 0x0000006917400000,0x0000006917500000] [id=15876]
  0x000001707a562000 GCTaskThread "GC Thread#2" [stack: 0x0000006917a00000,0x0000006917b00000] [id=34432]
  0x000001707a61b800 GCTaskThread "GC Thread#3" [stack: 0x0000006917b00000,0x0000006917c00000] [id=31300]
  0x0000017067a1c800 ConcurrentGCThread "G1 Main Marker" [stack: 0x0000006916600000,0x0000006916700000] [id=31064]
  0x0000017067a1e000 ConcurrentGCThread "G1 Conc#0" [stack: 0x0000006916700000,0x0000006916800000] [id=30472]
  0x000001707a895800 ConcurrentGCThread "G1 Conc#1" [stack: 0x0000006917e00000,0x0000006917f00000] [id=1764]
  0x0000017069c1e000 ConcurrentGCThread "G1 Refine#0" [stack: 0x0000006916800000,0x0000006916900000] [id=26468]
  0x00000170786fb800 ConcurrentGCThread "G1 Young RemSet Sampling" [stack: 0x0000006916900000,0x0000006916a00000] [id=31376]

Threads with active compile tasks:

VM state:not at safepoint (normal execution)

VM Mutex/Monitor currently owned by a thread: None

Heap address: 0x0000000085800000, size: 1960 MB, Compressed Oops mode: 32-bit
Narrow klass base: 0x0000000000000000, Narrow klass shift: 3
Compressed class space size: 1073741824 Address: 0x0000000100000000

Heap:
 garbage-first heap   total 126976K, used 24561K [0x0000000085800000, 0x0000000100000000)
  region size 1024K, 18 young (18432K), 2 survivors (2048K)
 Metaspace       used 25606K, capacity 26810K, committed 27008K, reserved 1073152K
  class space    used 2831K, capacity 3334K, committed 3456K, reserved 1048576K
Heap Regions: E=young(eden), S=young(survivor), O=old, HS=humongous(starts), HC=humongous(continues), CS=collection set, F=free, A=archive, TAMS=top-at-mark-start (previous, next)
|   0|0x0000000085800000, 0x0000000085900000, 0x0000000085900000|100%| O|  |TAMS 0x0000000085900000, 0x0000000085800000| Untracked 
|   1|0x0000000085900000, 0x0000000085a00000, 0x0000000085a00000|100%| O|  |TAMS 0x0000000085959400, 0x0000000085900000| Untracked 
|   2|0x0000000085a00000, 0x0000000085b00000, 0x0000000085b00000|100%| O|  |TAMS 0x0000000085a00000, 0x0000000085a00000| Untracked 
|   3|0x0000000085b00000, 0x0000000085c00000, 0x0000000085c00000|100%| O|  |TAMS 0x0000000085b00000, 0x0000000085b00000| Untracked 
|   4|0x0000000085c00000, 0x0000000085d00000, 0x0000000085d00000|100%| O|  |TAMS 0x0000000085c00000, 0x0000000085c00000| Untracked 
|   5|0x0000000085d00000, 0x0000000085e00000, 0x0000000085e00000|100%| O|  |TAMS 0x0000000085d00000, 0x0000000085d00000| Untracked 
|   6|0x0000000085e00000, 0x0000000085f00000, 0x0000000085f00000|100%| O|  |TAMS 0x0000000085e00000, 0x0000000085e00000| Untracked 
|   7|0x0000000085f00000, 0x0000000085f2aa00, 0x0000000086000000| 16%| O|  |TAMS 0x0000000085f00000, 0x0000000085f00000| Untracked 
|   8|0x0000000086000000, 0x0000000086000000, 0x0000000086100000|  0%| F|  |TAMS 0x0000000086000000, 0x0000000086000000| Untracked 
|   9|0x0000000086100000, 0x0000000086100000, 0x0000000086200000|  0%| F|  |TAMS 0x0000000086100000, 0x0000000086100000| Untracked 
|  10|0x0000000086200000, 0x0000000086200000, 0x0000000086300000|  0%| F|  |TAMS 0x0000000086200000, 0x0000000086200000| Untracked 
|  11|0x0000000086300000, 0x0000000086300000, 0x0000000086400000|  0%| F|  |TAMS 0x0000000086300000, 0x0000000086300000| Untracked 
|  12|0x0000000086400000, 0x0000000086400000, 0x0000000086500000|  0%| F|  |TAMS 0x0000000086400000, 0x0000000086400000| Untracked 
|  13|0x0000000086500000, 0x0000000086500000, 0x0000000086600000|  0%| F|  |TAMS 0x0000000086500000, 0x0000000086500000| Untracked 
|  14|0x0000000086600000, 0x0000000086600000, 0x0000000086700000|  0%| F|  |TAMS 0x0000000086600000, 0x0000000086600000| Untracked 
|  15|0x0000000086700000, 0x0000000086700000, 0x0000000086800000|  0%| F|  |TAMS 0x0000000086700000, 0x0000000086700000| Untracked 
|  16|0x0000000086800000, 0x0000000086800000, 0x0000000086900000|  0%| F|  |TAMS 0x0000000086800000, 0x0000000086800000| Untracked 
|  17|0x0000000086900000, 0x0000000086900000, 0x0000000086a00000|  0%| F|  |TAMS 0x0000000086900000, 0x0000000086900000| Untracked 
|  18|0x0000000086a00000, 0x0000000086a00000, 0x0000000086b00000|  0%| F|  |TAMS 0x0000000086a00000, 0x0000000086a00000| Untracked 
|  19|0x0000000086b00000, 0x0000000086b00000, 0x0000000086c00000|  0%| F|  |TAMS 0x0000000086b00000, 0x0000000086b00000| Untracked 
|  20|0x0000000086c00000, 0x0000000086c00000, 0x0000000086d00000|  0%| F|  |TAMS 0x0000000086c00000, 0x0000000086c00000| Untracked 
|  21|0x0000000086d00000, 0x0000000086d00000, 0x0000000086e00000|  0%| F|  |TAMS 0x0000000086d00000, 0x0000000086d00000| Untracked 
|  22|0x0000000086e00000, 0x0000000086e00000, 0x0000000086f00000|  0%| F|  |TAMS 0x0000000086e00000, 0x0000000086e00000| Untracked 
|  23|0x0000000086f00000, 0x0000000086f00000, 0x0000000087000000|  0%| F|  |TAMS 0x0000000086f00000, 0x0000000086f00000| Untracked 
|  24|0x0000000087000000, 0x0000000087000000, 0x0000000087100000|  0%| F|  |TAMS 0x0000000087000000, 0x0000000087000000| Untracked 
|  25|0x0000000087100000, 0x0000000087100000, 0x0000000087200000|  0%| F|  |TAMS 0x0000000087100000, 0x0000000087100000| Untracked 
|  26|0x0000000087200000, 0x0000000087200000, 0x0000000087300000|  0%| F|  |TAMS 0x0000000087200000, 0x0000000087200000| Untracked 
|  27|0x0000000087300000, 0x0000000087300000, 0x0000000087400000|  0%| F|  |TAMS 0x0000000087300000, 0x0000000087300000| Untracked 
|  28|0x0000000087400000, 0x0000000087400000, 0x0000000087500000|  0%| F|  |TAMS 0x0000000087400000, 0x0000000087400000| Untracked 
|  29|0x0000000087500000, 0x0000000087500000, 0x0000000087600000|  0%| F|  |TAMS 0x0000000087500000, 0x0000000087500000| Untracked 
|  30|0x0000000087600000, 0x0000000087600000, 0x0000000087700000|  0%| F|  |TAMS 0x0000000087600000, 0x0000000087600000| Untracked 
|  31|0x0000000087700000, 0x0000000087700000, 0x0000000087800000|  0%| F|  |TAMS 0x0000000087700000, 0x0000000087700000| Untracked 
|  32|0x0000000087800000, 0x0000000087800000, 0x0000000087900000|  0%| F|  |TAMS 0x0000000087800000, 0x0000000087800000| Untracked 
|  33|0x0000000087900000, 0x0000000087900000, 0x0000000087a00000|  0%| F|  |TAMS 0x0000000087900000, 0x0000000087900000| Untracked 
|  34|0x0000000087a00000, 0x0000000087a00000, 0x0000000087b00000|  0%| F|  |TAMS 0x0000000087a00000, 0x0000000087a00000| Untracked 
|  35|0x0000000087b00000, 0x0000000087b00000, 0x0000000087c00000|  0%| F|  |TAMS 0x0000000087b00000, 0x0000000087b00000| Untracked 
|  36|0x0000000087c00000, 0x0000000087c00000, 0x0000000087d00000|  0%| F|  |TAMS 0x0000000087c00000, 0x0000000087c00000| Untracked 
|  37|0x0000000087d00000, 0x0000000087d00000, 0x0000000087e00000|  0%| F|  |TAMS 0x0000000087d00000, 0x0000000087d00000| Untracked 
|  38|0x0000000087e00000, 0x0000000087e00000, 0x0000000087f00000|  0%| F|  |TAMS 0x0000000087e00000, 0x0000000087e00000| Untracked 
|  39|0x0000000087f00000, 0x0000000087f00000, 0x0000000088000000|  0%| F|  |TAMS 0x0000000087f00000, 0x0000000087f00000| Untracked 
|  40|0x0000000088000000, 0x0000000088000000, 0x0000000088100000|  0%| F|  |TAMS 0x0000000088000000, 0x0000000088000000| Untracked 
|  41|0x0000000088100000, 0x0000000088100000, 0x0000000088200000|  0%| F|  |TAMS 0x0000000088100000, 0x0000000088100000| Untracked 
|  42|0x0000000088200000, 0x0000000088200000, 0x0000000088300000|  0%| F|  |TAMS 0x0000000088200000, 0x0000000088200000| Untracked 
|  43|0x0000000088300000, 0x0000000088300000, 0x0000000088400000|  0%| F|  |TAMS 0x0000000088300000, 0x0000000088300000| Untracked 
|  44|0x0000000088400000, 0x0000000088400000, 0x0000000088500000|  0%| F|  |TAMS 0x0000000088400000, 0x0000000088400000| Untracked 
|  45|0x0000000088500000, 0x0000000088500000, 0x0000000088600000|  0%| F|  |TAMS 0x0000000088500000, 0x0000000088500000| Untracked 
|  46|0x0000000088600000, 0x0000000088600000, 0x0000000088700000|  0%| F|  |TAMS 0x0000000088600000, 0x0000000088600000| Untracked 
|  47|0x0000000088700000, 0x0000000088700000, 0x0000000088800000|  0%| F|  |TAMS 0x0000000088700000, 0x0000000088700000| Untracked 
|  48|0x0000000088800000, 0x0000000088800000, 0x0000000088900000|  0%| F|  |TAMS 0x0000000088800000, 0x0000000088800000| Untracked 
|  49|0x0000000088900000, 0x0000000088900000, 0x0000000088a00000|  0%| F|  |TAMS 0x0000000088900000, 0x0000000088900000| Untracked 
|  50|0x0000000088a00000, 0x0000000088a00000, 0x0000000088b00000|  0%| F|  |TAMS 0x0000000088a00000, 0x0000000088a00000| Untracked 
|  51|0x0000000088b00000, 0x0000000088b00000, 0x0000000088c00000|  0%| F|  |TAMS 0x0000000088b00000, 0x0000000088b00000| Untracked 
|  52|0x0000000088c00000, 0x0000000088c00000, 0x0000000088d00000|  0%| F|  |TAMS 0x0000000088c00000, 0x0000000088c00000| Untracked 
|  53|0x0000000088d00000, 0x0000000088d00000, 0x0000000088e00000|  0%| F|  |TAMS 0x0000000088d00000, 0x0000000088d00000| Untracked 
|  54|0x0000000088e00000, 0x0000000088e00000, 0x0000000088f00000|  0%| F|  |TAMS 0x0000000088e00000, 0x0000000088e00000| Untracked 
|  55|0x0000000088f00000, 0x0000000088f00000, 0x0000000089000000|  0%| F|  |TAMS 0x0000000088f00000, 0x0000000088f00000| Untracked 
|  56|0x0000000089000000, 0x0000000089000000, 0x0000000089100000|  0%| F|  |TAMS 0x0000000089000000, 0x0000000089000000| Untracked 
|  57|0x0000000089100000, 0x0000000089100000, 0x0000000089200000|  0%| F|  |TAMS 0x0000000089100000, 0x0000000089100000| Untracked 
|  58|0x0000000089200000, 0x0000000089200000, 0x0000000089300000|  0%| F|  |TAMS 0x0000000089200000, 0x0000000089200000| Untracked 
|  59|0x0000000089300000, 0x0000000089300000, 0x0000000089400000|  0%| F|  |TAMS 0x0000000089300000, 0x0000000089300000| Untracked 
|  60|0x0000000089400000, 0x00000000894d1d40, 0x0000000089500000| 81%| S|CS|TAMS 0x0000000089400000, 0x0000000089400000| Complete 
|  61|0x0000000089500000, 0x0000000089600000, 0x0000000089600000|100%| S|CS|TAMS 0x0000000089500000, 0x0000000089500000| Complete 
|  62|0x0000000089600000, 0x0000000089600000, 0x0000000089700000|  0%| F|  |TAMS 0x0000000089600000, 0x0000000089600000| Untracked 
|  63|0x0000000089700000, 0x0000000089700000, 0x0000000089800000|  0%| F|  |TAMS 0x0000000089700000, 0x0000000089700000| Untracked 
|  64|0x0000000089800000, 0x0000000089800000, 0x0000000089900000|  0%| F|  |TAMS 0x0000000089800000, 0x0000000089800000| Untracked 
|  65|0x0000000089900000, 0x0000000089900000, 0x0000000089a00000|  0%| F|  |TAMS 0x0000000089900000, 0x0000000089900000| Untracked 
|  66|0x0000000089a00000, 0x0000000089a00000, 0x0000000089b00000|  0%| F|  |TAMS 0x0000000089a00000, 0x0000000089a00000| Untracked 
|  67|0x0000000089b00000, 0x0000000089b00000, 0x0000000089c00000|  0%| F|  |TAMS 0x0000000089b00000, 0x0000000089b00000| Untracked 
|  68|0x0000000089c00000, 0x0000000089c00000, 0x0000000089d00000|  0%| F|  |TAMS 0x0000000089c00000, 0x0000000089c00000| Untracked 
|  69|0x0000000089d00000, 0x0000000089d00000, 0x0000000089e00000|  0%| F|  |TAMS 0x0000000089d00000, 0x0000000089d00000| Untracked 
|  70|0x0000000089e00000, 0x0000000089e00000, 0x0000000089f00000|  0%| F|  |TAMS 0x0000000089e00000, 0x0000000089e00000| Untracked 
|  71|0x0000000089f00000, 0x0000000089f00000, 0x000000008a000000|  0%| F|  |TAMS 0x0000000089f00000, 0x0000000089f00000| Untracked 
|  72|0x000000008a000000, 0x000000008a000000, 0x000000008a100000|  0%| F|  |TAMS 0x000000008a000000, 0x000000008a000000| Untracked 
|  73|0x000000008a100000, 0x000000008a100000, 0x000000008a200000|  0%| F|  |TAMS 0x000000008a100000, 0x000000008a100000| Untracked 
|  74|0x000000008a200000, 0x000000008a200000, 0x000000008a300000|  0%| F|  |TAMS 0x000000008a200000, 0x000000008a200000| Untracked 
|  75|0x000000008a300000, 0x000000008a300000, 0x000000008a400000|  0%| F|  |TAMS 0x000000008a300000, 0x000000008a300000| Untracked 
|  76|0x000000008a400000, 0x000000008a400000, 0x000000008a500000|  0%| F|  |TAMS 0x000000008a400000, 0x000000008a400000| Untracked 
|  77|0x000000008a500000, 0x000000008a500000, 0x000000008a600000|  0%| F|  |TAMS 0x000000008a500000, 0x000000008a500000| Untracked 
|  78|0x000000008a600000, 0x000000008a600000, 0x000000008a700000|  0%| F|  |TAMS 0x000000008a600000, 0x000000008a600000| Untracked 
|  79|0x000000008a700000, 0x000000008a700000, 0x000000008a800000|  0%| F|  |TAMS 0x000000008a700000, 0x000000008a700000| Untracked 
|  80|0x000000008a800000, 0x000000008a800000, 0x000000008a900000|  0%| F|  |TAMS 0x000000008a800000, 0x000000008a800000| Untracked 
|  81|0x000000008a900000, 0x000000008a900000, 0x000000008aa00000|  0%| F|  |TAMS 0x000000008a900000, 0x000000008a900000| Untracked 
|  82|0x000000008aa00000, 0x000000008aa00000, 0x000000008ab00000|  0%| F|  |TAMS 0x000000008aa00000, 0x000000008aa00000| Untracked 
|  83|0x000000008ab00000, 0x000000008ab00000, 0x000000008ac00000|  0%| F|  |TAMS 0x000000008ab00000, 0x000000008ab00000| Untracked 
|  84|0x000000008ac00000, 0x000000008ac00000, 0x000000008ad00000|  0%| F|  |TAMS 0x000000008ac00000, 0x000000008ac00000| Untracked 
|  85|0x000000008ad00000, 0x000000008ad00000, 0x000000008ae00000|  0%| F|  |TAMS 0x000000008ad00000, 0x000000008ad00000| Untracked 
|  86|0x000000008ae00000, 0x000000008ae00000, 0x000000008af00000|  0%| F|  |TAMS 0x000000008ae00000, 0x000000008ae00000| Untracked 
|  87|0x000000008af00000, 0x000000008af00000, 0x000000008b000000|  0%| F|  |TAMS 0x000000008af00000, 0x000000008af00000| Untracked 
|  88|0x000000008b000000, 0x000000008b000000, 0x000000008b100000|  0%| F|  |TAMS 0x000000008b000000, 0x000000008b000000| Untracked 
|  89|0x000000008b100000, 0x000000008b100000, 0x000000008b200000|  0%| F|  |TAMS 0x000000008b100000, 0x000000008b100000| Untracked 
|  90|0x000000008b200000, 0x000000008b200000, 0x000000008b300000|  0%| F|  |TAMS 0x000000008b200000, 0x000000008b200000| Untracked 
|  91|0x000000008b300000, 0x000000008b300000, 0x000000008b400000|  0%| F|  |TAMS 0x000000008b300000, 0x000000008b300000| Untracked 
|  92|0x000000008b400000, 0x000000008b400000, 0x000000008b500000|  0%| F|  |TAMS 0x000000008b400000, 0x000000008b400000| Untracked 
|  93|0x000000008b500000, 0x000000008b500000, 0x000000008b600000|  0%| F|  |TAMS 0x000000008b500000, 0x000000008b500000| Untracked 
|  94|0x000000008b600000, 0x000000008b600000, 0x000000008b700000|  0%| F|  |TAMS 0x000000008b600000, 0x000000008b600000| Untracked 
|  95|0x000000008b700000, 0x000000008b700000, 0x000000008b800000|  0%| F|  |TAMS 0x000000008b700000, 0x000000008b700000| Untracked 
|  96|0x000000008b800000, 0x000000008b800000, 0x000000008b900000|  0%| F|  |TAMS 0x000000008b800000, 0x000000008b800000| Untracked 
|  97|0x000000008b900000, 0x000000008b900000, 0x000000008ba00000|  0%| F|  |TAMS 0x000000008b900000, 0x000000008b900000| Untracked 
|  98|0x000000008ba00000, 0x000000008ba00000, 0x000000008bb00000|  0%| F|  |TAMS 0x000000008ba00000, 0x000000008ba00000| Untracked 
|  99|0x000000008bb00000, 0x000000008bb00000, 0x000000008bc00000|  0%| F|  |TAMS 0x000000008bb00000, 0x000000008bb00000| Untracked 
| 100|0x000000008bc00000, 0x000000008bc00000, 0x000000008bd00000|  0%| F|  |TAMS 0x000000008bc00000, 0x000000008bc00000| Untracked 
| 101|0x000000008bd00000, 0x000000008bd00000, 0x000000008be00000|  0%| F|  |TAMS 0x000000008bd00000, 0x000000008bd00000| Untracked 
| 102|0x000000008be00000, 0x000000008be00000, 0x000000008bf00000|  0%| F|  |TAMS 0x000000008be00000, 0x000000008be00000| Untracked 
| 103|0x000000008bf00000, 0x000000008bf00000, 0x000000008c000000|  0%| F|  |TAMS 0x000000008bf00000, 0x000000008bf00000| Untracked 
| 104|0x000000008c000000, 0x000000008c000000, 0x000000008c100000|  0%| F|  |TAMS 0x000000008c000000, 0x000000008c000000| Untracked 
| 105|0x000000008c100000, 0x000000008c100000, 0x000000008c200000|  0%| F|  |TAMS 0x000000008c100000, 0x000000008c100000| Untracked 
| 106|0x000000008c200000, 0x000000008c200000, 0x000000008c300000|  0%| F|  |TAMS 0x000000008c200000, 0x000000008c200000| Untracked 
| 107|0x000000008c300000, 0x000000008c300000, 0x000000008c400000|  0%| F|  |TAMS 0x000000008c300000, 0x000000008c300000| Untracked 
| 108|0x000000008c400000, 0x000000008c480800, 0x000000008c500000| 50%| E|  |TAMS 0x000000008c400000, 0x000000008c400000| Complete 
| 109|0x000000008c500000, 0x000000008c600000, 0x000000008c600000|100%| E|CS|TAMS 0x000000008c500000, 0x000000008c500000| Complete 
| 110|0x000000008c600000, 0x000000008c700000, 0x000000008c700000|100%| E|CS|TAMS 0x000000008c600000, 0x000000008c600000| Complete 
| 111|0x000000008c700000, 0x000000008c800000, 0x000000008c800000|100%| E|CS|TAMS 0x000000008c700000, 0x000000008c700000| Complete 
| 112|0x000000008c800000, 0x000000008c900000, 0x000000008c900000|100%| E|CS|TAMS 0x000000008c800000, 0x000000008c800000| Complete 
| 113|0x000000008c900000, 0x000000008ca00000, 0x000000008ca00000|100%| E|CS|TAMS 0x000000008c900000, 0x000000008c900000| Complete 
| 114|0x000000008ca00000, 0x000000008cb00000, 0x000000008cb00000|100%| E|CS|TAMS 0x000000008ca00000, 0x000000008ca00000| Complete 
| 115|0x000000008cb00000, 0x000000008cc00000, 0x000000008cc00000|100%| E|CS|TAMS 0x000000008cb00000, 0x000000008cb00000| Complete 
| 116|0x000000008cc00000, 0x000000008cd00000, 0x000000008cd00000|100%| E|CS|TAMS 0x000000008cc00000, 0x000000008cc00000| Complete 
| 117|0x000000008cd00000, 0x000000008ce00000, 0x000000008ce00000|100%| E|CS|TAMS 0x000000008cd00000, 0x000000008cd00000| Complete 
| 118|0x000000008ce00000, 0x000000008cf00000, 0x000000008cf00000|100%| E|CS|TAMS 0x000000008ce00000, 0x000000008ce00000| Complete 
| 119|0x000000008cf00000, 0x000000008d000000, 0x000000008d000000|100%| E|CS|TAMS 0x000000008cf00000, 0x000000008cf00000| Complete 
| 120|0x000000008d000000, 0x000000008d100000, 0x000000008d100000|100%| E|CS|TAMS 0x000000008d000000, 0x000000008d000000| Complete 
| 121|0x000000008d100000, 0x000000008d200000, 0x000000008d200000|100%| E|CS|TAMS 0x000000008d100000, 0x000000008d100000| Complete 
| 122|0x000000008d200000, 0x000000008d300000, 0x000000008d300000|100%| E|CS|TAMS 0x000000008d200000, 0x000000008d200000| Complete 
| 123|0x000000008d300000, 0x000000008d400000, 0x000000008d400000|100%| E|CS|TAMS 0x000000008d300000, 0x000000008d300000| Complete 

Card table byte_map: [0x0000017071960000,0x0000017071d40000] _byte_map_base: 0x0000017071534000

Marking Bits (Prev, Next): (CMBitMap*) 0x0000017067a1bed0, (CMBitMap*) 0x0000017067a1be98
 Prev Bits: [0x0000017073fc0000, 0x0000017075e60000)
 Next Bits: [0x0000017072120000, 0x0000017073fc0000)

Polling page: 0x0000017067b00000

Metaspace:

Usage:
  Non-class:     22.93 MB capacity,    22.24 MB ( 97%) used,   569.36 KB (  2%) free+waste,   131.12 KB ( <1%) overhead. 
      Class:      3.26 MB capacity,     2.76 MB ( 85%) used,   439.16 KB ( 13%) free+waste,    63.56 KB (  2%) overhead. 
       Both:     26.18 MB capacity,    25.01 MB ( 96%) used,  1008.52 KB (  4%) free+waste,   194.69 KB ( <1%) overhead. 

Virtual space:
  Non-class space:       24.00 MB reserved,      23.00 MB ( 96%) committed 
      Class space:        1.00 GB reserved,       3.38 MB ( <1%) committed 
             Both:        1.02 GB reserved,      26.38 MB (  3%) committed 

Chunk freelists:
   Non-Class:  1.50 KB
       Class:  3.25 KB
        Both:  4.75 KB

CodeHeap 'non-profiled nmethods': size=120000Kb used=1972Kb max_used=1972Kb free=118027Kb
 bounds [0x0000017007ad0000, 0x0000017007d40000, 0x000001700f000000]
CodeHeap 'profiled nmethods': size=120000Kb used=8587Kb max_used=8587Kb free=111412Kb
 bounds [0x00000170005a0000, 0x0000017000e10000, 0x0000017007ad0000]
CodeHeap 'non-nmethods': size=5760Kb used=1255Kb max_used=1289Kb free=4505Kb
 bounds [0x0000017000000000, 0x0000017000270000, 0x00000170005a0000]
 total_blobs=4343 nmethods=3843 adapters=418
 compilation: enabled
              stopped_count=0, restarted_count=0
 full_count=0

Compilation events (10 events):
Event: 78.807 Thread 0x0000017079134800 3841   !   3       sun.nio.ch.IOUtil::write (538 bytes)
Event: 78.808 Thread 0x0000017079134800 nmethod 3841 0x0000017000dfc990 code [0x0000017000dfcde0, 0x0000017000dff4c8]
Event: 78.808 Thread 0x0000017079134800 3838       3       sun.nio.ch.Util::offerLastTemporaryDirectBuffer (53 bytes)
Event: 78.809 Thread 0x0000017079134800 nmethod 3838 0x0000017000e00d90 code [0x0000017000e00fe0, 0x0000017000e01938]
Event: 78.809 Thread 0x0000017079134800 3839       3       sun.nio.ch.Util$BufferCache::offerLast (66 bytes)
Event: 78.809 Thread 0x0000017079134800 nmethod 3839 0x0000017000e01c10 code [0x0000017000e01dc0, 0x0000017000e020f8]
Event: 78.809 Thread 0x0000017079134800 3840       3       sun.nio.ch.IOVecWrapper::clearRefs (15 bytes)
Event: 78.809 Thread 0x0000017079134800 nmethod 3840 0x0000017000e02210 code [0x0000017000e023e0, 0x0000017000e02818]
Event: 95.803 Thread 0x0000017079134800 3842       3       java.lang.invoke.VarHandle::acquireFence (7 bytes)
Event: 95.804 Thread 0x0000017079134800 nmethod 3842 0x0000017000e02990 code [0x0000017000e02b20, 0x0000017000e02c18]

GC Heap History (8 events):
Event: 0.748 GC heap before
{Heap before GC invocations=0 (full 0):
 garbage-first heap   total 126976K, used 23552K [0x0000000085800000, 0x0000000100000000)
  region size 1024K, 24 young (24576K), 0 survivors (0K)
 Metaspace       used 13002K, capacity 13219K, committed 13440K, reserved 1060864K
  class space    used 1271K, capacity 1347K, committed 1408K, reserved 1048576K
}
Event: 0.752 GC heap after
{Heap after GC invocations=1 (full 0):
 garbage-first heap   total 126976K, used 4452K [0x0000000085800000, 0x0000000100000000)
  region size 1024K, 3 young (3072K), 3 survivors (3072K)
 Metaspace       used 13002K, capacity 13219K, committed 13440K, reserved 1060864K
  class space    used 1271K, capacity 1347K, committed 1408K, reserved 1048576K
}
Event: 1.738 GC heap before
{Heap before GC invocations=1 (full 0):
 garbage-first heap   total 126976K, used 49508K [0x0000000085800000, 0x0000000100000000)
  region size 1024K, 48 young (49152K), 3 survivors (3072K)
 Metaspace       used 20519K, capacity 21240K, committed 21248K, reserved 1069056K
  class space    used 2262K, capacity 2553K, committed 2560K, reserved 1048576K
}
Event: 1.744 GC heap after
{Heap after GC invocations=2 (full 0):
 garbage-first heap   total 126976K, used 7358K [0x0000000085800000, 0x0000000100000000)
  region size 1024K, 6 young (6144K), 6 survivors (6144K)
 Metaspace       used 20519K, capacity 21240K, committed 21248K, reserved 1069056K
  class space    used 2262K, capacity 2553K, committed 2560K, reserved 1048576K
}
Event: 11.150 GC heap before
{Heap before GC invocations=3 (full 0):
 garbage-first heap   total 126976K, used 52414K [0x0000000085800000, 0x0000000100000000)
  region size 1024K, 50 young (51200K), 6 survivors (6144K)
 Metaspace       used 24746K, capacity 25901K, committed 26112K, reserved 1073152K
  class space    used 2818K, capacity 3298K, committed 3328K, reserved 1048576K
}
Event: 11.158 GC heap after
{Heap after GC invocations=4 (full 0):
 garbage-first heap   total 126976K, used 9203K [0x0000000085800000, 0x0000000100000000)
  region size 1024K, 5 young (5120K), 5 survivors (5120K)
 Metaspace       used 24746K, capacity 25901K, committed 26112K, reserved 1073152K
  class space    used 2818K, capacity 3298K, committed 3328K, reserved 1048576K
}
Event: 64.460 GC heap before
{Heap before GC invocations=4 (full 0):
 garbage-first heap   total 126976K, used 67571K [0x0000000085800000, 0x0000000100000000)
  region size 1024K, 62 young (63488K), 5 survivors (5120K)
 Metaspace       used 25345K, capacity 26546K, committed 26624K, reserved 1073152K
  class space    used 2824K, capacity 3302K, committed 3328K, reserved 1048576K
}
Event: 64.466 GC heap after
{Heap after GC invocations=5 (full 0):
 garbage-first heap   total 126976K, used 9201K [0x0000000085800000, 0x0000000100000000)
  region size 1024K, 2 young (2048K), 2 survivors (2048K)
 Metaspace       used 25345K, capacity 26546K, committed 26624K, reserved 1073152K
  class space    used 2824K, capacity 3302K, committed 3328K, reserved 1048576K
}

Deoptimization events (10 events):
Event: 29.746 Thread 0x0000017069b5f800 Uncommon trap: reason=unstable_if action=reinterpret pc=0x0000017007c452d4 method=org.openqa.selenium.json.ObjectCoercer.lambda$apply$0(Lorg/openqa/selenium/json/JsonInput;Lorg/openqa/selenium/json/PropertySetting;)Ljava/lang/Object; @ 11 c2
Event: 29.747 Thread 0x000001707beca800 Uncommon trap: reason=unstable_if action=reinterpret pc=0x0000017007c9f14c method=java.util.concurrent.CompletableFuture.unipush(Ljava/util/concurrent/CompletableFuture$Completion;)V @ 34 c2
Event: 34.108 Thread 0x0000017069b5f800 Uncommon trap: reason=class_check action=maybe_recompile pc=0x0000017007c975f8 method=org.openqa.selenium.remote.ElementLocation$ElementFinder.massage(Lorg/openqa/selenium/remote/RemoteWebDriver;Lorg/openqa/selenium/SearchContext;Lorg/openqa/selenium/WebE
Event: 34.145 Thread 0x0000017069b5f800 Uncommon trap: reason=class_check action=maybe_recompile pc=0x0000017007c975f8 method=org.openqa.selenium.remote.ElementLocation$ElementFinder.massage(Lorg/openqa/selenium/remote/RemoteWebDriver;Lorg/openqa/selenium/SearchContext;Lorg/openqa/selenium/WebE
Event: 34.230 Thread 0x0000017069b5f800 Uncommon trap: reason=class_check action=maybe_recompile pc=0x0000017007c975f8 method=org.openqa.selenium.remote.ElementLocation$ElementFinder.massage(Lorg/openqa/selenium/remote/RemoteWebDriver;Lorg/openqa/selenium/SearchContext;Lorg/openqa/selenium/WebE
Event: 69.564 Thread 0x0000017069b5f800 Uncommon trap: reason=class_check action=maybe_recompile pc=0x0000017007c954fc method=org.openqa.selenium.remote.ElementLocation$ElementFinder.massage(Lorg/openqa/selenium/remote/RemoteWebDriver;Lorg/openqa/selenium/SearchContext;Lorg/openqa/selenium/WebE
Event: 69.650 Thread 0x0000017069b5f800 Uncommon trap: reason=unstable_if action=reinterpret pc=0x0000017007c16dd4 method=org.openqa.selenium.json.JsonInput.readString()Ljava/lang/String; @ 25 c2
Event: 155.822 Thread 0x000001707beca800 Uncommon trap: reason=unstable_if action=reinterpret pc=0x0000017007c8e524 method=java.util.concurrent.SynchronousQueue$TransferStack.awaitFulfill(Ljava/util/concurrent/SynchronousQueue$TransferStack$SNode;ZJ)Ljava/util/concurrent/SynchronousQueue$Transfe
Event: 155.837 Thread 0x000001707b29d000 Uncommon trap: reason=unstable_if action=reinterpret pc=0x0000017007c8e524 method=java.util.concurrent.SynchronousQueue$TransferStack.awaitFulfill(Ljava/util/concurrent/SynchronousQueue$TransferStack$SNode;ZJ)Ljava/util/concurrent/SynchronousQueue$Transfe
Event: 155.838 Thread 0x000001707bece000 Uncommon trap: reason=unstable_if action=reinterpret pc=0x0000017007c8e524 method=java.util.concurrent.SynchronousQueue$TransferStack.awaitFulfill(Ljava/util/concurrent/SynchronousQueue$TransferStack$SNode;ZJ)Ljava/util/concurrent/SynchronousQueue$Transfe

Classes redefined (5 events):
Event: 183.048 Thread 0x000001707889f000 redefined class name=org.test.glue.definition.PnrGenerationDefinition, count=1
Event: 193.840 Thread 0x000001707889f000 redefined class name=org.test.glue.definition.PnrGenerationDefinition, count=2
Event: 274.692 Thread 0x000001707889f000 redefined class name=org.test.glue.definition.PnrGenerationDefinition, count=3
Event: 280.786 Thread 0x000001707889f000 redefined class name=org.test.glue.definition.PnrGenerationDefinition, count=4
Event: 301.512 Thread 0x000001707889f000 redefined class name=org.test.glue.definition.PnrGenerationDefinition, count=5

Internal exceptions (10 events):
Event: 1.899 Thread 0x0000017069b5f800 Exception <a 'java/lang/NoSuchMethodError'{0x000000008cc9eee0}: java.lang.invoke.DirectMethodHandle$Holder.invokeStatic(Ljava/lang/Object;Ljava/lang/Object;Ljava/lang/Object;Ljava/lang/Object;Ljava/lang/Object;Ljava/lang/Object;Ljava/lang/Object;)V> (0x00
Event: 1.926 Thread 0x000001707b29d000 Exception <a 'java/lang/NoSuchMethodError'{0x000000008c9d9258}: java.lang.invoke.DirectMethodHandle$Holder.invokeStatic(Ljava/lang/Object;Ljava/lang/Object;Ljava/lang/Object;Ljava/lang/Object;Ljava/lang/Object;Ljava/lang/Object;Ljava/lang/Object;Ljava/lan
Event: 1.927 Thread 0x000001707b29d000 Exception <a 'java/lang/NoSuchMethodError'{0x000000008c9e8328}: java.lang.invoke.DirectMethodHandle$Holder.invokeStatic(Ljava/lang/Object;Ljava/lang/Object;Ljava/lang/Object;Ljava/lang/Object;Ljava/lang/Object;Ljava/lang/Object;Ljava/lang/Object;Ljava/lan
Event: 1.928 Thread 0x000001707b29d000 Exception <a 'java/lang/NoSuchMethodError'{0x000000008c9f62b0}: java.lang.invoke.DirectMethodHandle$Holder.invokeSpecial(Ljava/lang/Object;Ljava/lang/Object;IILjava/lang/Object;Ljava/lang/Object;I)Ljava/lang/Object;> (0x000000008c9f62b0) thrown at [./open
Event: 1.928 Thread 0x000001707b29d000 Exception <a 'java/lang/NoSuchMethodError'{0x000000008c9f9730}: java.lang.invoke.DelegatingMethodHandle$Holder.reinvoke_L(Ljava/lang/Object;IILjava/lang/Object;Ljava/lang/Object;I)Ljava/lang/Object;> (0x000000008c9f9730) thrown at [./open/src/hotspot/shar
Event: 1.929 Thread 0x000001707b29d000 Exception <a 'java/lang/NoSuchMethodError'{0x000000008c9fe068}: java.lang.invoke.DirectMethodHandle$Holder.invokeStatic(Ljava/lang/Object;Ljava/lang/Object;Ljava/lang/Object;Ljava/lang/Object;I)Ljava/lang/Object;> (0x000000008c9fe068) thrown at [./open/sr
Event: 1.958 Thread 0x000001707b29d000 Exception <a 'java/lang/NoSuchMethodError'{0x000000008c585e68}: java.lang.invoke.DirectMethodHandle$Holder.invokeStatic(Ljava/lang/Object;JJ)J> (0x000000008c585e68) thrown at [./open/src/hotspot/share/interpreter/linkResolver.cpp, line 772]
Event: 2.656 Thread 0x000001707b29d000 Exception <a 'java/lang/NoSuchMethodError'{0x000000008c337ba0}: java.lang.invoke.DirectMethodHandle$Holder.invokeStatic(Ljava/lang/Object;Ljava/lang/Object;Ljava/lang/Object;Ljava/lang/Object;Ljava/lang/Object;Ljava/lang/Object;Ljava/lang/Object;Ljava/lan
Event: 2.657 Thread 0x000001707b29d000 Exception <a 'java/lang/NoSuchMethodError'{0x000000008c345550}: java.lang.invoke.DirectMethodHandle$Holder.invokeStatic(Ljava/lang/Object;Ljava/lang/Object;Ljava/lang/Object;Ljava/lang/Object;Ljava/lang/Object;Ljava/lang/Object;Ljava/lang/Object;Ljava/lan
Event: 2.672 Thread 0x0000017069b5f800 Exception <a 'java/lang/NoSuchMethodError'{0x000000008c20ec80}: java.lang.invoke.DirectMethodHandle$Holder.invokeSpecialIFC(Ljava/lang/Object;Ljava/lang/Object;Ljava/lang/Object;)Ljava/lang/Object;> (0x000000008c20ec80) thrown at [./open/src/hotspot/share

Events (10 events):
Event: 301.526 Executing VM operation: GetStackTrace
Event: 301.526 Executing VM operation: GetStackTrace done
Event: 301.532 Executing VM operation: GetFrameCount
Event: 301.532 Executing VM operation: GetFrameCount done
Event: 301.532 Executing VM operation: GetOwnedMonitorInfo
Event: 301.532 Executing VM operation: GetOwnedMonitorInfo done
Event: 301.533 Executing VM operation: GetCurrentContendedMonitor
Event: 301.533 Executing VM operation: GetCurrentContendedMonitor done
Event: 310.177 Executing VM operation: ChangeBreakpoints
Event: 310.177 Executing VM operation: ChangeBreakpoints done


Dynamic libraries:
0x00007ff62e640000 - 0x00007ff62e650000 	C:\jdk-11.0.22_windows-x64_bin\jdk-11.0.22\bin\javaw.exe
0x00007ffa783d0000 - 0x00007ffa785e7000 	C:\WINDOWS\SYSTEM32\ntdll.dll
0x00007ffa77640000 - 0x00007ffa77704000 	C:\WINDOWS\System32\KERNEL32.DLL
0x00007ffa75a70000 - 0x00007ffa75e17000 	C:\WINDOWS\System32\KERNELBASE.dll
0x00007ffa75790000 - 0x00007ffa758a1000 	C:\WINDOWS\System32\ucrtbase.dll
0x00007ffa62d20000 - 0x00007ffa62d3b000 	C:\jdk-11.0.22_windows-x64_bin\jdk-11.0.22\bin\VCRUNTIME140.dll
0x00007ffa4e010000 - 0x00007ffa4e029000 	C:\jdk-11.0.22_windows-x64_bin\jdk-11.0.22\bin\jli.dll
0x00007ffa78100000 - 0x00007ffa781b2000 	C:\WINDOWS\System32\ADVAPI32.dll
0x00007ffa77ae0000 - 0x00007ffa77b87000 	C:\WINDOWS\System32\msvcrt.dll
0x00007ffa762a0000 - 0x00007ffa76348000 	C:\WINDOWS\System32\sechost.dll
0x00007ffa75e20000 - 0x00007ffa75e48000 	C:\WINDOWS\System32\bcrypt.dll
0x00007ffa76130000 - 0x00007ffa76245000 	C:\WINDOWS\System32\RPCRT4.dll
0x00007ffa76c60000 - 0x00007ffa76e0e000 	C:\WINDOWS\System32\USER32.dll
0x00007ffa756f0000 - 0x00007ffa75716000 	C:\WINDOWS\System32\win32u.dll
0x00007ffa547f0000 - 0x00007ffa54a83000 	C:\WINDOWS\WinSxS\amd64_microsoft.windows.common-controls_6595b64144ccf1df_6.0.22621.3527_none_270e469b73872a76\COMCTL32.dll
0x00007ffa76100000 - 0x00007ffa76129000 	C:\WINDOWS\System32\GDI32.dll
0x00007ffa75950000 - 0x00007ffa75a69000 	C:\WINDOWS\System32\gdi32full.dll
0x00007ffa758b0000 - 0x00007ffa7594a000 	C:\WINDOWS\System32\msvcp_win.dll
0x00007ffa6b5f0000 - 0x00007ffa6b5fa000 	C:\WINDOWS\SYSTEM32\VERSION.dll
0x00007ffa78340000 - 0x00007ffa78371000 	C:\WINDOWS\System32\IMM32.DLL
0x00007ffa60090000 - 0x00007ffa6009c000 	C:\jdk-11.0.22_windows-x64_bin\jdk-11.0.22\bin\vcruntime140_1.dll
0x00007ffa42e90000 - 0x00007ffa42f1e000 	C:\jdk-11.0.22_windows-x64_bin\jdk-11.0.22\bin\msvcp140.dll
0x00007ff9c85b0000 - 0x00007ff9c911e000 	C:\jdk-11.0.22_windows-x64_bin\jdk-11.0.22\bin\server\jvm.dll
0x00007ffa78380000 - 0x00007ffa78388000 	C:\WINDOWS\System32\PSAPI.DLL
0x00007ffa6bbd0000 - 0x00007ffa6bc04000 	C:\WINDOWS\SYSTEM32\WINMM.dll
0x00007ffa6f6b0000 - 0x00007ffa6f6b9000 	C:\WINDOWS\SYSTEM32\WSOCK32.dll
0x00007ffa781c0000 - 0x00007ffa78231000 	C:\WINDOWS\System32\WS2_32.dll
0x00007ffa746d0000 - 0x00007ffa746e8000 	C:\WINDOWS\SYSTEM32\kernel.appcore.dll
0x00007ffa5ffa0000 - 0x00007ffa5ffb0000 	C:\jdk-11.0.22_windows-x64_bin\jdk-11.0.22\bin\verify.dll
0x00007ffa72ed0000 - 0x00007ffa73102000 	C:\WINDOWS\SYSTEM32\DBGHELP.DLL
0x00007ffa772a0000 - 0x00007ffa77628000 	C:\WINDOWS\System32\combase.dll
0x00007ffa77dd0000 - 0x00007ffa77ea7000 	C:\WINDOWS\System32\OLEAUT32.dll
0x00007ffa61c80000 - 0x00007ffa61cb2000 	C:\WINDOWS\SYSTEM32\dbgcore.DLL
0x00007ffa75e50000 - 0x00007ffa75ec9000 	C:\WINDOWS\System32\bcryptPrimitives.dll
0x00007ffa4dd90000 - 0x00007ffa4ddb8000 	C:\jdk-11.0.22_windows-x64_bin\jdk-11.0.22\bin\java.dll
0x00007ffa5c2b0000 - 0x00007ffa5c2ba000 	C:\jdk-11.0.22_windows-x64_bin\jdk-11.0.22\bin\jimage.dll
0x00007ffa4dc10000 - 0x00007ffa4dc48000 	C:\jdk-11.0.22_windows-x64_bin\jdk-11.0.22\bin\jdwp.dll
0x00007ffa5c0c0000 - 0x00007ffa5c0ce000 	C:\jdk-11.0.22_windows-x64_bin\jdk-11.0.22\bin\instrument.dll
0x00007ffa4dd70000 - 0x00007ffa4dd87000 	C:\jdk-11.0.22_windows-x64_bin\jdk-11.0.22\bin\zip.dll
0x00007ffa76350000 - 0x00007ffa76bac000 	C:\WINDOWS\System32\SHELL32.dll
0x00007ffa735a0000 - 0x00007ffa73e96000 	C:\WINDOWS\SYSTEM32\windows.storage.dll
0x00007ffa73460000 - 0x00007ffa7359e000 	C:\WINDOWS\SYSTEM32\wintypes.dll
0x00007ffa77f10000 - 0x00007ffa78005000 	C:\WINDOWS\System32\SHCORE.dll
0x00007ffa77bb0000 - 0x00007ffa77c0e000 	C:\WINDOWS\System32\shlwapi.dll
0x00007ffa75620000 - 0x00007ffa75641000 	C:\WINDOWS\SYSTEM32\profapi.dll
0x00007ffa5bb90000 - 0x00007ffa5bb9b000 	C:\jdk-11.0.22_windows-x64_bin\jdk-11.0.22\bin\dt_socket.dll
0x00007ffa74bb0000 - 0x00007ffa74c19000 	C:\WINDOWS\System32\mswsock.dll
0x00007ffa74120000 - 0x00007ffa74218000 	C:\WINDOWS\SYSTEM32\DNSAPI.dll
0x00007ffa740f0000 - 0x00007ffa7411d000 	C:\WINDOWS\SYSTEM32\IPHLPAPI.DLL
0x00007ffa77630000 - 0x00007ffa77639000 	C:\WINDOWS\System32\NSI.dll
0x00007ffa6ba70000 - 0x00007ffa6baf3000 	C:\WINDOWS\System32\fwpuclnt.dll
0x00007ffa6ec70000 - 0x00007ffa6ec7a000 	C:\Windows\System32\rasadhlp.dll
0x00007ffa4dbf0000 - 0x00007ffa4dc09000 	C:\jdk-11.0.22_windows-x64_bin\jdk-11.0.22\bin\net.dll
0x00007ffa6ec80000 - 0x00007ffa6edb6000 	C:\WINDOWS\SYSTEM32\WINHTTP.dll
0x00007ffa47dc0000 - 0x00007ffa47dd2000 	C:\jdk-11.0.22_windows-x64_bin\jdk-11.0.22\bin\nio.dll
0x00007ffa74dd0000 - 0x00007ffa74deb000 	C:\WINDOWS\SYSTEM32\CRYPTSP.dll
0x00007ffa74630000 - 0x00007ffa74665000 	C:\WINDOWS\system32\rsaenh.dll
0x00007ffa74c70000 - 0x00007ffa74c98000 	C:\WINDOWS\SYSTEM32\USERENV.dll
0x00007ffa74df0000 - 0x00007ffa74dfc000 	C:\WINDOWS\SYSTEM32\CRYPTBASE.dll
0x00007ffa6f060000 - 0x00007ffa6f079000 	C:\WINDOWS\SYSTEM32\dhcpcsvc6.DLL
0x00007ffa6e9a0000 - 0x00007ffa6e9bf000 	C:\WINDOWS\SYSTEM32\dhcpcsvc.DLL
0x00007ffa455c0000 - 0x00007ffa455e7000 	C:\jdk-11.0.22_windows-x64_bin\jdk-11.0.22\bin\sunec.dll

dbghelp: loaded successfully - version: 4.0.5 - missing functions: none
symbol engine: initialized successfully - sym options: 0x614 - pdb path: .;C:\jdk-11.0.22_windows-x64_bin\jdk-11.0.22\bin;C:\WINDOWS\SYSTEM32;C:\WINDOWS\WinSxS\amd64_microsoft.windows.common-controls_6595b64144ccf1df_6.0.22621.3527_none_270e469b73872a76;C:\jdk-11.0.22_windows-x64_bin\jdk-11.0.22\bin\server

VM Arguments:
jvm_args: -agentlib:jdwp=transport=dt_socket,suspend=y,address=localhost:64372 -ea -javaagent:C:\eclipse-jee-2024-03-R-win32-x86_64\eclipse\configuration\org.eclipse.osgi\442\0\.cp\lib\javaagent-shaded.jar -Dfile.encoding=UTF-8 -Dstdout.encoding=UTF-8 -Dstderr.encoding=UTF-8 
java_command: org.eclipse.jdt.internal.junit.runner.RemoteTestRunner -version 3 -port 64371 -testLoaderClass org.eclipse.jdt.internal.junit4.runner.JUnit4TestLoader -loaderpluginname org.eclipse.jdt.junit4.runtime -classNames org.test.runner.TestRunner
java_class_path (initial): C:\Users\deven\eclipse-workspace\fly_dubai\target\test-classes;C:\Users\deven\eclipse-workspace\fly_dubai\target\classes;C:\Users\deven\.m2\repository\io\cucumber\cucumber-java\7.18.0\cucumber-java-7.18.0.jar;C:\Users\deven\.m2\repository\io\cucumber\cucumber-core\7.18.0\cucumber-core-7.18.0.jar;C:\Users\deven\.m2\repository\io\cucumber\cucumber-gherkin\7.18.0\cucumber-gherkin-7.18.0.jar;C:\Users\deven\.m2\repository\io\cucumber\cucumber-gherkin-messages\7.18.0\cucumber-gherkin-messages-7.18.0.jar;C:\Users\deven\.m2\repository\io\cucumber\gherkin\28.0.0\gherkin-28.0.0.jar;C:\Users\deven\.m2\repository\io\cucumber\messages\24.1.0\messages-24.1.0.jar;C:\Users\deven\.m2\repository\io\cucumber\testng-xml-formatter\0.1.0\testng-xml-formatter-0.1.0.jar;C:\Users\deven\.m2\repository\io\cucumber\query\12.1.2\query-12.1.2.jar;C:\Users\deven\.m2\repository\io\cucumber\tag-expressions\6.1.0\tag-expressions-6.1.0.jar;C:\Users\deven\.m2\repository\io\cucumber\cucumber-expressions\17.1.0\cucumber-expressions-17.1.0.jar;C:\Users\deven\.m2\repository\io\cucumber\datatable\7.18.0\datatable-7.18.0.jar;C:\Users\deven\.m2\repository\io\cucumber\cucumber-plugin\7.18.0\cucumber-plugin-7.18.0.jar;C:\Users\deven\.m2\repository\io\cucumber\docstring\7.18.0\docstring-7.18.0.jar;C:\Users\deven\.m2\repository\io\cucumber\html-formatter\21.3.1\html-formatter-21.3.1.jar;C:\Users\deven\.m2\repository\io\cucumber\junit-xml-formatter\0.4.0\junit-xml-formatter-0.4.0.jar;C:\Users\deven\.m2\repository\io\cucumber\ci-environment\10.0.1\ci-environment-10.0.1.jar;C:\Users\deven\.m2\repository\org\apiguardian\apiguardian-api\1.1.2\apiguardian-api-1.1.2.jar;C:\Users\deven\.m2\repository\io\cucumber\cucumber-junit\7.18.0\cucumber-junit-7.18.0.jar;C:\Users\deven\.m2\repository\junit\junit\4.13.2\junit-4.13.2.jar;C:\Users\deven\.m2\repository\org\hamcrest\hamcrest-core\1.3\hamcrest-core-1.3.jar;C:\Users\deven\.m2\repository\org\seleniumhq\selenium\selenium-java\4.21.0\selenium-jav
Launcher Type: SUN_STANDARD

[Global flags]
     intx CICompilerCount                          = 4                                         {product} {ergonomic}
     uint ConcGCThreads                            = 2                                         {product} {ergonomic}
     uint G1ConcRefinementThreads                  = 8                                         {product} {ergonomic}
   size_t G1HeapRegionSize                         = 1048576                                   {product} {ergonomic}
    uintx GCDrainStackTargetSize                   = 64                                        {product} {ergonomic}
   size_t InitialHeapSize                          = 130023424                                 {product} {ergonomic}
   size_t MarkStackSize                            = 4194304                                   {product} {ergonomic}
   size_t MaxHeapSize                              = 2055208960                                {product} {ergonomic}
   size_t MaxNewSize                               = 1233125376                                {product} {ergonomic}
   size_t MinHeapDeltaBytes                        = 1048576                                   {product} {ergonomic}
    uintx NonNMethodCodeHeapSize                   = 5836300                                {pd product} {ergonomic}
    uintx NonProfiledCodeHeapSize                  = 122910970                              {pd product} {ergonomic}
    uintx ProfiledCodeHeapSize                     = 122910970                              {pd product} {ergonomic}
    uintx ReservedCodeCacheSize                    = 251658240                              {pd product} {ergonomic}
     bool SegmentedCodeCache                       = true                                      {product} {ergonomic}
     bool UseCompressedClassPointers               = true                                 {lp64_product} {ergonomic}
     bool UseCompressedOops                        = true                                 {lp64_product} {ergonomic}
     bool UseG1GC                                  = true                                      {product} {ergonomic}
     bool UseLargePagesIndividualAllocation        = false                                  {pd product} {ergonomic}

Logging:
Log output configuration:
 #0: stdout all=warning uptime,level,tags
 #1: stderr all=off uptime,level,tags

Environment Variables:
JAVA_HOME=C:\jdk-11.0.22_windows-x64_bin\jdk-11.0.22
JRE_HOME=C:\jdk-11.0.22_windows-x64_bin\jdk-11.0.22
PATH=C:/eclipse-jee-2024-03-R-win32-x86_64/eclipse//plugins/org.eclipse.justj.openjdk.hotspot.jre.full.win32.x86_64_17.0.10.v20240120-1143/jre/bin/server;C:/eclipse-jee-2024-03-R-win32-x86_64/eclipse//plugins/org.eclipse.justj.openjdk.hotspot.jre.full.win32.x86_64_17.0.10.v20240120-1143/jre/bin;C:\WINDOWS\system32;C:\WINDOWS;C:\WINDOWS\System32\Wbem;C:\WINDOWS\System32\WindowsPowerShell\v1.0\;C:\WINDOWS\System32\OpenSSH\;C:\Program Files\dotnet\;C:\Program Files\HP\HP One Agent;C:\WINDOWS\system32;C:\WINDOWS;C:\WINDOWS\System32\Wbem;C:\WINDOWS\System32\WindowsPowerShell\v1.0\;C:\WINDOWS\System32\OpenSSH\;C:\apache-maven-3.9.6-bin\bin;C:\jdk-11.0.22_windows-x64_bin\jdk-11.0.22\bin;C:\Users\deven\AppData\Local\Microsoft\WindowsApps;;C:\eclipse-jee-2024-03-R-win32-x86_64\eclipse;
USERNAME=deven
OS=Windows_NT
PROCESSOR_IDENTIFIER=Intel64 Family 6 Model 140 Stepping 1, GenuineIntel



---------------  S Y S T E M  ---------------

OS: Windows 11 , 64 bit Build 22621 (10.0.22621.3527)
Hyper-V role detected

CPU:total 8 (initial active 8) (4 cores per cpu, 2 threads per core) family 6 model 140 stepping 1 microcode 0xb4, cmov, cx8, fxsr, mmx, sse, sse2, sse3, ssse3, sse4.1, sse4.2, popcnt, avx, avx2, aes, clmul, erms, 3dnowpref, lzcnt, ht, tsc, tscinvbit, bmi1, bmi2, adx, evex, sha, fma

Memory: 4k page, system-wide physical 7834M (529M free)
TotalPageFile size 20529M (AvailPageFile size 5936M)
current process WorkingSet (physical memory assigned to process): 151M, peak: 178M
current process commit charge ("private bytes"): 243M, peak: 289M

vm_info: Java HotSpot(TM) 64-Bit Server VM (11.0.22+9-LTS-219) for windows-amd64 JRE (11.0.22+9-LTS-219), built on Dec 19 2023 22:08:21 by "mach5one" with MS VC++ 17.1 (VS2022)

END.
